######
2018-09-13 09:41:30##D:\2016工时.xlsx##上传失败：目标与文件夹同名？
2018-09-13 09:41:31##D:\2016工时1.xlsx##上传成功
######
2018-09-13 09:42:49##D:/2016工时.xlsx##上传失败：目标与文件夹同名？
2018-09-13 09:42:51##D:/2016工时1.xlsx##上传成功
######
2018-09-13 09:43:45##D:/2016工时.xlsx##上传失败：目标与文件夹同名？
2018-09-13 09:43:46##D:/2016工时1.xlsx##上传成功
######
2018-09-13 09:46:51##D:/2016工时.xlsx##上传失败：目标与文件夹同名？
2018-09-13 09:46:52##D:/2016工时1.xlsx##上传成功
######
2018-09-13 09:49:41##D:/2016工时.xlsx##上传失败：目标与文件夹同名？
2018-09-13 09:49:42##D:/2016工时1.xlsx##上传成功
######
2018-09-13 09:50:08##D:/2016工时.xlsx##上传失败：目标与文件夹同名？
2018-09-13 09:50:09##D:/2016工时1.xlsx##上传成功
######
2018-09-13 09:50:23##D:/2016工时.xlsx##上传失败：目标与文件夹同名？
2018-09-13 09:50:24##D:/2016工时1.xlsx##上传成功
######
2018-09-13 09:50:29##D:/2016工时.xlsx##上传失败：目标与文件夹同名？
2018-09-13 09:50:30##D:/2016工时1.xlsx##上传成功
######
2018-09-13 09:50:35##D:/2016工时.xlsx##上传失败：目标与文件夹同名？
2018-09-13 09:50:37##D:/2016工时1.xlsx##上传成功
######
2018-09-13 09:50:54##D:/2016工时.xlsx##上传成功
2018-09-13 09:50:55##D:/2016工时1.xlsx##上传成功
######
2018-09-13 10:03:53##D:/2016工时.xlsx##上传成功
2018-09-13 10:03:55##D:/2016工时1.xlsx##上传成功
######
2018-09-13 10:04:20##D:/2016工时.xlsx##上传成功
2018-09-13 10:04:22##D:/2016工时1.xlsx##上传成功
######
2018-09-13 10:04:28##D:/2016工时.xlsx##上传成功
2018-09-13 10:04:29##D:/2016工时1.xlsx##上传成功
######
2018-09-13 10:04:33##D:/2016工时.xlsx##上传成功
2018-09-13 10:04:34##D:/2016工时1.xlsx##上传成功
######
2018-09-13 10:11:26##D:/2016工时.xlsx##上传成功
2018-09-13 10:11:27##D:/2016工时1.xlsx##上传成功
2018-09-13 10:11:28##D:\桌面\平台\线上流程平台\效果图确认单201801.xlsx##上传成功
######
2018-09-13 10:17:29##D:/2016工时.xlsx##上传成功
2018-09-13 10:17:31##D:/2016工时1.xlsx##上传成功
2018-09-13 10:17:32##D:\桌面\平台\线上流程平台\效果图确认单201801.xlsx##上传成功
######
######
######
######
